This is pdfTeX, Version 3.1415926-2.4-1.40.13 (MiKTeX 2.9 64-bit) (preloaded format=latex 2013.5.20)  28 JAN 2014 15:03
entering extended mode
**\makeatletter\def\HCode{\futurelet\HCode\HChar}\def\HChar{\ifx\HCode\def\HCod
e##1{\Link##1}\expandafter\HCode\else\expandafter\Link\fi}\def\Link#1.a.b.c.{\g
@addto@macro\@documentclasshook{\RequirePackage[#1,html]{tex4ht}}\let\HCode\doc
umentstyle\def\documentstyle{\let\documentstyle\HCode\expandafter\def\csname te
x4ht\endcsname{#1,html}\def\HCode####1{\documentstyle[tex4ht,}\@ifnextchar[{\HC
ode}{\documentstyle[tex4ht]}}}\makeatother\HCode epsconfig.cfg,frames.a.b.c.\in
put  MRiLab_User_Guide.tex
(C:\Users\fliu\Desktop\MRiLab_User_Guide_v1_1\MRiLab_User_Guide.tex
("C:\Program Files\MiKTeX 2.9\tex\latex\base\book.cls"
Document Class: book 2007/10/19 v1.4h Standard LaTeX document class
("C:\Program Files\MiKTeX 2.9\tex\latex\base\bk10.clo"
File: bk10.clo 2007/10/19 v1.4h Standard LaTeX file (size option)
)
\c@part=\count79
\c@chapter=\count80
\c@section=\count81
\c@subsection=\count82
\c@subsubsection=\count83
\c@paragraph=\count84
\c@subparagraph=\count85
\c@figure=\count86
\c@table=\count87
\abovecaptionskip=\skip41
\belowcaptionskip=\skip42
\bibindent=\dimen102
)
("C:\Program Files\MiKTeX 2.9\tex\generic\tex4ht\tex4ht.sty"
version 2008-10-27-17:23
Package: tex4ht 
--------------------------------------
--- Note --- for _ at preamble, use the command line option `early_'
--------------------------------------
--------------------------------------
--- Note --- for ^ at preamble, use the command line option `early^'
--------------------------------------
\tmp:toks=\toks14
)
("C:\Program Files\MiKTeX 2.9\tex\generic\tex4ht\usepackage.4ht"
version 2009-05-21-09:32
)
("C:\Program Files\MiKTeX 2.9\tex\latex\amsmath\amsmath.sty"
Package: amsmath 2013/01/14 v2.14 AMS math features
\@mathmargin=\skip43

For additional information on amsmath, use the `?' option.
("C:\Program Files\MiKTeX 2.9\tex\latex\amsmath\amstext.sty"
Package: amstext 2000/06/29 v2.01

("C:\Program Files\MiKTeX 2.9\tex\latex\amsmath\amsgen.sty"
File: amsgen.sty 1999/11/30 v2.0
\@emptytoks=\toks15
\ex@=\dimen103
))
("C:\Program Files\MiKTeX 2.9\tex\latex\amsmath\amsbsy.sty"
Package: amsbsy 1999/11/29 v1.2d
\pmbraise@=\dimen104
)
("C:\Program Files\MiKTeX 2.9\tex\latex\amsmath\amsopn.sty"
Package: amsopn 1999/12/14 v2.01 operator names
)
\inf@bad=\count88
LaTeX Info: Redefining \frac on input line 210.
\uproot@=\count89
\leftroot@=\count90
LaTeX Info: Redefining \overline on input line 306.
\classnum@=\count91
\DOTSCASE@=\count92
LaTeX Info: Redefining \ldots on input line 378.
LaTeX Info: Redefining \dots on input line 381.
LaTeX Info: Redefining \cdots on input line 466.
\Mathstrutbox@=\box26
\strutbox@=\box27
\big@size=\dimen105
LaTeX Font Info:    Redeclaring font encoding OML on input line 566.
LaTeX Font Info:    Redeclaring font encoding OMS on input line 567.
\macc@depth=\count93
\c@MaxMatrixCols=\count94
\dotsspace@=\muskip10
\c@parentequation=\count95
\dspbrk@lvl=\count96
\tag@help=\toks16
\row@=\count97
\column@=\count98
\maxfields@=\count99
\andhelp@=\toks17
\eqnshift@=\dimen106
\alignsep@=\dimen107
\tagshift@=\dimen108
\tagwidth@=\dimen109
\totwidth@=\dimen110
\lineht@=\dimen111
\@envbody=\toks18
\multlinegap=\skip44
\multlinetaggap=\skip45
\mathdisplay@stack=\toks19
LaTeX Info: Redefining \[ on input line 2665.
LaTeX Info: Redefining \] on input line 2666.
)
("C:\Program Files\MiKTeX 2.9\tex\latex\amsfonts\amsfonts.sty"
Package: amsfonts 2013/01/14 v3.01 Basic AMSFonts support
\symAMSa=\mathgroup4
\symAMSb=\mathgroup5
LaTeX Font Info:    Overwriting math alphabet `\mathfrak' in version `bold'
(Font)                  U/euf/m/n --> U/euf/b/n on input line 106.
)
("C:\Program Files\MiKTeX 2.9\tex\latex\amsfonts\amssymb.sty"
Package: amssymb 2013/01/14 v3.01 AMS font symbols
)
("C:\Program Files\MiKTeX 2.9\tex\latex\graphics\graphicx.sty"
Package: graphicx 1999/02/16 v1.0f Enhanced LaTeX Graphics (DPC,SPQR)

("C:\Program Files\MiKTeX 2.9\tex\latex\graphics\keyval.sty"
Package: keyval 1999/03/16 v1.13 key=value parser (DPC)
\KV@toks@=\toks20
)
("C:\Program Files\MiKTeX 2.9\tex\latex\graphics\graphics.sty"
Package: graphics 2009/02/05 v1.0o Standard LaTeX Graphics (DPC,SPQR)

("C:\Program Files\MiKTeX 2.9\tex\latex\graphics\trig.sty"
Package: trig 1999/03/16 v1.09 sin cos tan (DPC)
)
("C:\Program Files\MiKTeX 2.9\tex\latex\00miktex\graphics.cfg"
File: graphics.cfg 2007/01/18 v1.5 graphics configuration of teTeX/TeXLive
)
Package graphics Info: Driver file: dvips.def on input line 91.

("C:\Program Files\MiKTeX 2.9\tex\latex\graphics\dvips.def"
File: dvips.def 1999/02/16 v3.0i Driver-dependant file (DPC,SPQR)
))
\Gin@req@height=\dimen112
\Gin@req@width=\dimen113
)
("C:\Program Files\MiKTeX 2.9\tex\latex\hyperref\nameref.sty"
Package: nameref 2012/10/27 v2.43 Cross-referencing by name of section

("C:\Program Files\MiKTeX 2.9\tex\latex\oberdiek\refcount.sty"
Package: refcount 2011/10/16 v3.4 Data extraction from label references (HO)

("C:\Program Files\MiKTeX 2.9\tex\generic\oberdiek\ltxcmds.sty"
Package: ltxcmds 2011/11/09 v1.22 LaTeX kernel commands for general use (HO)
)
("C:\Program Files\MiKTeX 2.9\tex\generic\oberdiek\infwarerr.sty"
Package: infwarerr 2010/04/08 v1.3 Providing info/warning/error messages (HO)
))
("C:\Program Files\MiKTeX 2.9\tex\generic\oberdiek\gettitlestring.sty"
Package: gettitlestring 2010/12/03 v1.4 Cleanup title references (HO)

("C:\Program Files\MiKTeX 2.9\tex\latex\oberdiek\kvoptions.sty"
Package: kvoptions 2011/06/30 v3.11 Key value format for package options (HO)

("C:\Program Files\MiKTeX 2.9\tex\generic\oberdiek\kvsetkeys.sty"
Package: kvsetkeys 2012/04/25 v1.16 Key value parser (HO)

("C:\Program Files\MiKTeX 2.9\tex\generic\oberdiek\etexcmds.sty"
Package: etexcmds 2011/02/16 v1.5 Avoid name clashes with e-TeX commands (HO)

("C:\Program Files\MiKTeX 2.9\tex\generic\oberdiek\ifluatex.sty"
Package: ifluatex 2010/03/01 v1.3 Provides the ifluatex switch (HO)
Package ifluatex Info: LuaTeX not detected.
)
Package etexcmds Info: Could not find \expanded.
(etexcmds)             That can mean that you are not using pdfTeX 1.50 or
(etexcmds)             that some package has redefined \expanded.
(etexcmds)             In the latter case, load this package earlier.
))))
\c@section@level=\count100
LaTeX Info: Redefining \ref on input line 353.
LaTeX Info: Redefining \pageref on input line 353.
)
("C:\Program Files\MiKTeX 2.9\tex\latex\ltxmisc\url.sty"
\Urlmuskip=\muskip11
Package: url 2006/04/12  ver 3.3  Verb mode for urls, etc.
)
(C:\Users\fliu\Desktop\MRiLab_User_Guide_v1_1\epsconfig.cfg
("C:\Program Files\MiKTeX 2.9\tex\generic\tex4ht\tex4ht.4ht"
version 2009-01-07-07:11
--------------------------------------
--- Note --- for additional information, use the command line option `info'
--------------------------------------

::::::::::::::::::::::::::::::::::::::::::
 TeX4ht info is available in the log file 
::::::::::::::::::::::::::::::::::::::::::
) ("C:\Program Files\MiKTeX 2.9\tex\generic\tex4ht\tex4ht.sty"
version 2008-10-27-17:23

--- needs --- tex4ht MRiLab_User_Guide ---
\tmp:cnt=\count101
(C:\Users\fliu\Desktop\MRiLab_User_Guide_v1_1\MRiLab_User_Guide.tmp)
\tmp:dim=\skip46
--------------------------------------
--- Note --- for XML code, use the command line option `xml' or `xhtml'
--------------------------------------

(C:\Users\fliu\Desktop\MRiLab_User_Guide_v1_1\MRiLab_User_Guide.xref)
\:refout=\write3

("C:\Program Files\MiKTeX 2.9\tex\generic\tex4ht\html4.4ht"
version 2009-05-18-23:01
--------------------------------------
--- Note --- to remove the <?xml version=...?> processing instruction use the c
ommand line option `no-VERSION'
--------------------------------------
--------------------------------------
--- Note --- to remove the DOCTYPE declaration use the command line option `no-
DOCTYPE'
--------------------------------------
)
("C:\Program Files\MiKTeX 2.9\tex\generic\tex4ht\html4-math.4ht"
version 2009-05-18-23:01
)
--------------------------------------
--- Note --- for marking of the base font, use the command line option `fonts+'

--------------------------------------
--------------------------------------
--- Note --- for non active _, use the command line option `no_'
--------------------------------------
--------------------------------------
--- Note --- for _ of catcode 13, use the command line option `_13'
--------------------------------------
--------------------------------------
--- Note --- for non active ^, use the command line option `no^'
--------------------------------------
--------------------------------------
--- Note --- for ^ of catcode 13, use the command line option `^13'
--------------------------------------

("C:\Program Files\MiKTeX 2.9\tex\generic\tex4ht\html4.4ht"
version 2009-05-18-23:01
--------------------------------------
--- Note --- for alternative charset, use the command line option `charset=...'

--------------------------------------
--------------------------------------
--- Note --- to ignore CSS font decoration, use the `NoFonts' command line opti
on
--------------------------------------
--------------------------------------
--- Note --- for jpg bitmaps of pictures, use the `jpg' command line option. (C
haracter bitmaps are controled only by `g' records of tex4ht.env and `-g' switc
hes of tex4ht.c) 
--------------------------------------
--------------------------------------
--- Note --- for gif bitmaps of pictures, use the `gif' command line option. (C
haracter bitmaps are controled only by `g' records of tex4ht.env and `-g' switc
hes of tex4ht.c) 
--------------------------------------
--------------------------------------
--- Note --- for file extension name xht, use the command line option `xht'
--------------------------------------
TeX4ht package options: frames,html
--------------------------------------
--- Note --- to ignore CSS code, use the command line option `-css
--------------------------------------
--------------------------------------
--- Note --- for inline CSS code, use the command line option `css-in'
--------------------------------------
--------------------------------------
--- Note --- for pop ups on mouse over, use the command line option `mouseover'

--------------------------------------
--------------------------------------
--- Note --- for addressing images in a subdirectory, use the command line opti
on `imgdir:.../'
--------------------------------------
)
("C:\Program Files\MiKTeX 2.9\tex\generic\tex4ht\html4-math.4ht"
version 2009-05-18-23:01
)
\:tokwrite=\toks21
\:tokpage=\toks22
--------------------------------------
--- Note --- for back links to toc, use the command line option `sections+'
--------------------------------------
--------------------------------------
--- Note --- for linear crosslinks of pages, use the command line option `next'

--------------------------------------
\:tocout=\write4

("C:\Program Files\MiKTeX 2.9\tex\generic\tex4ht\html4.4ht"
version 2009-05-18-23:01
)
("C:\Program Files\MiKTeX 2.9\tex\generic\tex4ht\html4-math.4ht"
version 2009-05-18-23:01
)
("C:\Program Files\MiKTeX 2.9\tex\generic\tex4ht\latex.4ht"
version 2009-05-21-09:32
--------------------------------------
--- Note --- for links into captions, instead of float heads, use the command l
ine option `refcaption'
--------------------------------------

("C:\Program Files\MiKTeX 2.9\tex\generic\tex4ht\html4.4ht"
version 2009-05-18-23:01
--------------------------------------
--- Note --- For mini tocs immediately aftter the header use the command line o
ption `minitoc<'
--------------------------------------
--------------------------------------
--- Note --- for enumerated list elements with valued data, use the command lin
e option `enumerate+'
--------------------------------------
--------------------------------------
--- Note --- for enumerated list elements li's with value attributes, use the c
ommand line option `enumerate-'
--------------------------------------
--------------------------------------
--- Note --- for CSS2 code, use the command line option `css2'
--------------------------------------
--------------------------------------
--- Note --- for pictorial tabular, use the command line option `pic-tabular'
--------------------------------------
--------------------------------------
--- Note --- for bitmap fbox'es, use the command line option `pic-fbox'
--------------------------------------
--------------------------------------
--- Note --- for bitmap framebox'es, use the command line option `pic-framebox'

--------------------------------------
--------------------------------------
--- Note --- for inline footnotes use command line option `fn-in'
--------------------------------------
--------------------------------------
--- Note --- for tracing of latex font commands, use the command line option `f
onts'
--------------------------------------
--------------------------------------
--- Note --- for width specifications of tabular p entries, use the `p-width' c
ommand line option or a configuration similar to \Configure{HColWidth}{\HCode{ 
style="width:\HColWidth"}}
--------------------------------------
)
("C:\Program Files\MiKTeX 2.9\tex\generic\tex4ht\html4-math.4ht"
version 2009-05-18-23:01
--------------------------------------
--- Note --- for pictorial eqnarray, use the command line option `pic-eqnarray'

--------------------------------------
--------------------------------------
--- Note --- for pictorial array, use the command line option `pic-array'
--------------------------------------
--------------------------------------
--- Note --- for pictorial $...$ environments, use the command line option `pic
-m' (not recommended!!)
--------------------------------------
--------------------------------------
--- Note --- for pictorial $...$ and $$...$$ environments with latex alt, use t
he command line option `pic-m+' (not safe!!)
--------------------------------------
--------------------------------------
--- Note --- for pictorial array, use the command line option `pic-array'
--------------------------------------
))
("C:\Program Files\MiKTeX 2.9\tex\generic\tex4ht\fontmath.4ht"
version 2009-05-21-09:32

("C:\Program Files\MiKTeX 2.9\tex\generic\tex4ht\html4.4ht"
version 2009-05-18-23:01
)
("C:\Program Files\MiKTeX 2.9\tex\generic\tex4ht\html4-math.4ht"
version 2009-05-18-23:01
))
("C:\Program Files\MiKTeX 2.9\tex\generic\tex4ht\book.4ht"
version 2009-05-21-09:32

("C:\Program Files\MiKTeX 2.9\tex\generic\tex4ht\html4.4ht"
version 2009-05-18-23:01
--------------------------------------
--- Note --- for automatic sectioning pagination, use the command line option `
1', `2', `3', '4', '5', '6', or '7'
--------------------------------------
--------------------------------------
--- Note --- for files named derived from section titles, use the command line 
option `sec-filename'
--------------------------------------
--------------------------------------
--- Note --- for i-columns index, use the command line option `index=i' (e.g., 
index=2)
--------------------------------------
)
("C:\Program Files\MiKTeX 2.9\tex\generic\tex4ht\html4-math.4ht"
version 2009-05-18-23:01
))
("C:\Program Files\MiKTeX 2.9\tex\generic\tex4ht\amsmath.4ht"
version 2009-05-21-09:32
\tmp:muskip=\muskip12

("C:\Program Files\MiKTeX 2.9\tex\generic\tex4ht\html4.4ht"
version 2009-05-18-23:01
)
("C:\Program Files\MiKTeX 2.9\tex\generic\tex4ht\html4-math.4ht"
version 2009-05-18-23:01
))
("C:\Program Files\MiKTeX 2.9\tex\generic\tex4ht\amstext.4ht"
version 2009-05-21-09:32

("C:\Program Files\MiKTeX 2.9\tex\generic\tex4ht\html4.4ht"
version 2009-05-18-23:01
)
("C:\Program Files\MiKTeX 2.9\tex\generic\tex4ht\html4-math.4ht"
version 2009-05-18-23:01
))
("C:\Program Files\MiKTeX 2.9\tex\generic\tex4ht\amsbsy.4ht"
version 2009-05-21-09:32

("C:\Program Files\MiKTeX 2.9\tex\generic\tex4ht\html4.4ht"
version 2009-05-18-23:01
)
("C:\Program Files\MiKTeX 2.9\tex\generic\tex4ht\html4-math.4ht"
version 2009-05-18-23:01
))
("C:\Program Files\MiKTeX 2.9\tex\generic\tex4ht\amsopn.4ht"
version 2009-05-21-09:32

("C:\Program Files\MiKTeX 2.9\tex\generic\tex4ht\html4.4ht"
version 2009-05-18-23:01
)
("C:\Program Files\MiKTeX 2.9\tex\generic\tex4ht\html4-math.4ht"
version 2009-05-18-23:01
))
("C:\Program Files\MiKTeX 2.9\tex\generic\tex4ht\amsfonts.4ht"
version 2009-05-21-09:32

("C:\Program Files\MiKTeX 2.9\tex\generic\tex4ht\html4.4ht"
version 2009-05-18-23:01
)
("C:\Program Files\MiKTeX 2.9\tex\generic\tex4ht\html4-math.4ht"
version 2009-05-18-23:01
))
("C:\Program Files\MiKTeX 2.9\tex\generic\tex4ht\amssymb.4ht"
version 2009-05-21-09:32

("C:\Program Files\MiKTeX 2.9\tex\generic\tex4ht\html4.4ht"
version 2009-05-18-23:01
)
("C:\Program Files\MiKTeX 2.9\tex\generic\tex4ht\html4-math.4ht"
version 2009-05-18-23:01
))
("C:\Program Files\MiKTeX 2.9\tex\generic\tex4ht\graphicx.4ht"
version 2009-05-21-09:32

("C:\Program Files\MiKTeX 2.9\tex\generic\tex4ht\html4.4ht"
version 2009-05-18-23:01
)
("C:\Program Files\MiKTeX 2.9\tex\generic\tex4ht\html4-math.4ht"
version 2009-05-18-23:01
))
("C:\Program Files\MiKTeX 2.9\tex\generic\tex4ht\graphics.4ht"
version 2009-05-21-09:32

("C:\Program Files\MiKTeX 2.9\tex\generic\tex4ht\html4.4ht"
version 2009-05-18-23:01
--------------------------------------
--- Note --- if included graphics are of degraded quality, try the command line
 options `graphics-num' or `graphics-'. The `num' should provide the density of
 pixels in the bitmaps (e.g., 110). 
--------------------------------------
--------------------------------------
--- Note --- for key dimensions try the option `Gin-dim'; for key dimensions wh
en bounding box is unavailable try `Gin-dim+'; neither is recommended
--------------------------------------
)
("C:\Program Files\MiKTeX 2.9\tex\generic\tex4ht\html4-math.4ht"
version 2009-05-18-23:01
))
("C:\Program Files\MiKTeX 2.9\tex\generic\tex4ht\dvips.4ht"
version 2009-05-21-09:32

("C:\Program Files\MiKTeX 2.9\tex\generic\tex4ht\html4.4ht"
version 2009-05-18-23:01
)
("C:\Program Files\MiKTeX 2.9\tex\generic\tex4ht\html4-math.4ht"
version 2009-05-18-23:01
))
("C:\Program Files\MiKTeX 2.9\tex\generic\tex4ht\nameref.4ht"
version 2010-09-04-21:02

("C:\Program Files\MiKTeX 2.9\tex\generic\tex4ht\html4.4ht"
version 2009-05-18-23:01
)
("C:\Program Files\MiKTeX 2.9\tex\generic\tex4ht\html4-math.4ht"
version 2009-05-18-23:01
))
("C:\Program Files\MiKTeX 2.9\tex\generic\tex4ht\url.4ht"
version 2009-05-21-09:32

("C:\Program Files\MiKTeX 2.9\tex\generic\tex4ht\html4.4ht"
version 2009-05-18-23:01
--------------------------------------
--- Note --- for URL encoding within href use the command line option `url-enc'

--------------------------------------
)
("C:\Program Files\MiKTeX 2.9\tex\generic\tex4ht\html4-math.4ht"
version 2009-05-18-23:01
))
("C:\Program Files\MiKTeX 2.9\tex\generic\tex4ht\th4.4ht"
version 2009-05-21-09:32
--------------------------------------
--- Note --- for javascript support, use the command line option `javascript'
--------------------------------------
--------------------------------------
--- Note --- for java support, use the command line option `java'
--------------------------------------
--------------------------------------
--- Note --- for image maps support, use the command line option `image-maps'
--------------------------------------
--------------------------------------
--- Note --- for frames support, use the command line option `frames-' or `fram
es'
--------------------------------------

("C:\Program Files\MiKTeX 2.9\tex\generic\tex4ht\html4.4ht"
version 2009-05-18-23:01
)
("C:\Program Files\MiKTeX 2.9\tex\generic\tex4ht\html4-math.4ht"
version 2009-05-18-23:01
))
("C:\Program Files\MiKTeX 2.9\tex\generic\tex4ht\html4.4ht"
version 2009-05-18-23:01
)
("C:\Program Files\MiKTeX 2.9\tex\generic\tex4ht\html4-math.4ht"
version 2009-05-18-23:01
))
(C:\Users\fliu\Desktop\MRiLab_User_Guide_v1_1\MRiLab_User_Guide.aux)
LaTeX Font Info:    Checking defaults for OML/cmm/m/it on input line 2.
LaTeX Font Info:    ... okay on input line 2.
LaTeX Font Info:    Checking defaults for T1/cmr/m/n on input line 2.
LaTeX Font Info:    ... okay on input line 2.
LaTeX Font Info:    Checking defaults for OT1/cmr/m/n on input line 2.
LaTeX Font Info:    ... okay on input line 2.
LaTeX Font Info:    Checking defaults for OMS/cmsy/m/n on input line 2.
LaTeX Font Info:    ... okay on input line 2.
LaTeX Font Info:    Checking defaults for OMX/cmex/m/n on input line 2.
LaTeX Font Info:    ... okay on input line 2.
LaTeX Font Info:    Checking defaults for U/cmr/m/n on input line 2.
LaTeX Font Info:    ... okay on input line 2.
--- file MRiLab_User_Guide.css ---
--- file MRiLab_User_Guide2.html ---

(C:\Users\fliu\Desktop\MRiLab_User_Guide_v1_1\MRiLab_User_Guide.4ct [1

]
[2]) [3]
--- file MRiLab_User_Guide3.html ---
) [4

] [1

] [2

] [3]
LaTeX Font Info:    Try loading font information for U+msa on input line 54.

("C:\Program Files\MiKTeX 2.9\tex\latex\amsfonts\umsa.fd"
File: umsa.fd 2013/01/14 v3.01 AMS symbols A
)
LaTeX Font Info:    Try loading font information for U+msb on input line 54.

("C:\Program Files\MiKTeX 2.9\tex\latex\amsfonts\umsb.fd"
File: umsb.fd 2013/01/14 v3.01 AMS symbols B
) [1] [2] [3

] [4

]
[1] [2

]
Chapter 1.
LaTeX Font Info:    Try loading font information for OMS+cmr on input line 84.
("C:\Program Files\MiKTeX 2.9\tex\latex\base\omscmr.fd"
File: omscmr.fd 1999/05/25 v2.5h Standard LaTeX font definitions
)
LaTeX Font Info:    Font shape `OMS/cmr/m/n' in size <10> not available
(Font)              Font shape `OMS/cmsy/m/n' tried instead on input line 84.
 [3] [4] [5] [6]
l. 157 --- needs --- Pictures/cmake-gui.png ---
l. 164 --- needs --- Pictures/cmake-gui2.png ---
l. 171 --- needs --- Pictures/visualstudio.png ---

[7] [8

] [9

] [10

]
Chapter 2.
l. 215 --- needs --- Pictures/MainSimulationControlConsole.png ---
l. 227 --- needs --- Pictures/FunctionToolboxes.png ---
[11

]
l. 241 --- needs --- Pictures/RFMacroLibrary.png ---
 [12] [13

]
l. 254 --- needs --- Pictures/MRiLabWorkflow.png ---
 [14

] [15

] [16] [17] [18

]
l. 296 --- needs --- Pictures/3DGRESampleScan.png ---
 [19

] [20

]
Chapter 3.
[21

] [22] [23

]
l. 329 --- needs --- Pictures/VirtualObjectChecking.png ---
 [24

] [25

] [26

]
l. 343 --- needs --- Pictures/SequenceLoading.png ---
 [27

] [28

] [29] [30] [31] [32

]
l. 418 --- needs --- Pictures/CoilLoading.png ---
 [33

] [34

] [35]
[36

]
l. 456 --- needs --- Pictures/MagnetLoading.png ---
 [37

] [38

] [39] [40

]
l. 487 --- needs --- Pictures/GradientLoading.png ---
 [41

] [42

] [43] [44

]
l. 517 --- needs --- Pictures/MotionLoading.png ---
 [45

] [46

] [47] [48

]
l. 546 --- needs --- Pictures/SimulationSettings.png ---
 [49

] [50

]
[51] [52] [53] [54] [55] [56] [57] [58]
Chapter 4.
[59

] [60

]
l. 776 --- needs --- Pictures/SimulationImage.png ---
 [61

] [62

] [63

]
l. 794 --- needs --- Pictures/SimulationImage2.png ---
 [64

]
l. 801 Writing MRiLab_User_Guide.idv[1] (MRiLab_User_Guide0x.png)
l. 808 Writing MRiLab_User_Guide.idv[2] (MRiLab_User_Guide1x.png)
 [65

]
l. 819 Writing MRiLab_User_Guide.idv[3] (MRiLab_User_Guide2x.png)
l. 827 Writing MRiLab_User_Guide.idv[4] (MRiLab_User_Guide3x.png)
 [66]
Chapter 5.
[67

] [68

]
l. 849 --- needs --- Pictures/RFDesignPanelIcon.png ---
 [69

] [70

] [71

]
l. 858 --- needs --- Pictures/RFDesignGUI.png ---
 [72

] [73

]
l. 887 --- needs --- Pictures/ConstantGradient.png ---
l. 896 --- needs --- Pictures/SliceProfile.png ---
 [74]
l. 927 --- needs --- Pictures/PlaybackButtonGroup.png ---
l. 944 --- needs --- Pictures/SliceProfileAtMiddle.png ---
 [75]
l. 955 --- needs --- Pictures/SpatialSpectral.png ---
l. 962 --- needs --- Pictures/MatlabDefaultTools.png ---
 [76]
l. 1032 --- needs --- Pictures/SliceProfileTwoSpecies.png ---
 [77] [78]
l. 1076 Writing MRiLab_User_Guide.idv[5] (MRiLab_User_Guide4x.png)
 [79]
l. 1087 Writing MRiLab_User_Guide.idv[6] (MRiLab_User_Guide5x.png)
 [80]
l. 1120 Writing MRiLab_User_Guide.idv[7] (MRiLab_User_Guide6x.png)
 [81]
[82]
l. 1152 Writing MRiLab_User_Guide.idv[8] (MRiLab_User_Guide7x.png)
 [83]
l. 1181 Writing MRiLab_User_Guide.idv[9] (MRiLab_User_Guide8x.png)
 [84] [85] [86]
l. 1237 Writing MRiLab_User_Guide.idv[10] (MRiLab_User_Guide9x.png)
l. 1247 Writing MRiLab_User_Guide.idv[11] (MRiLab_User_Guide10x.png)
 [87]
l. 1256 Writing MRiLab_User_Guide.idv[12] (MRiLab_User_Guide11x.png)
 [88]
l. 1282 Writing MRiLab_User_Guide.idv[13] (MRiLab_User_Guide12x.png)
 [89]
l. 1292 Writing MRiLab_User_Guide.idv[14] (MRiLab_User_Guide13x.png)
 [90]
l. 1321 Writing MRiLab_User_Guide.idv[15] (MRiLab_User_Guide14x.png)
l. 1331 Writing MRiLab_User_Guide.idv[16] (MRiLab_User_Guide15x.png)
l. 1340 Writing MRiLab_User_Guide.idv[17] (MRiLab_User_Guide16x.png)
l. 1340 Writing MRiLab_User_Guide.idv[18] (MRiLab_User_Guide17x.png)
 [91]
l. 1344 Writing MRiLab_User_Guide.idv[19] (MRiLab_User_Guide18x.png)
l. 1355 Writing MRiLab_User_Guide.idv[20] (MRiLab_User_Guide19x.png)
l. 1360 Writing MRiLab_User_Guide.idv[21] (MRiLab_User_Guide20x.png)
l. 1360 Writing MRiLab_User_Guide.idv[22] (MRiLab_User_Guide21x.png)
 [92]
l. 1364 Writing MRiLab_User_Guide.idv[23] (MRiLab_User_Guide22x.png)
l. 1376 Writing MRiLab_User_Guide.idv[24] (MRiLab_User_Guide23x.png)
 [93]
l. 1411 Writing MRiLab_User_Guide.idv[25] (MRiLab_User_Guide24x.png)
 [94]
l. 1421 Writing MRiLab_User_Guide.idv[26] (MRiLab_User_Guide25x.png)
l. 1426 Writing MRiLab_User_Guide.idv[27] (MRiLab_User_Guide26x.png)
l. 1426 Writing MRiLab_User_Guide.idv[28] (MRiLab_User_Guide27x.png)
l. 1430 Writing MRiLab_User_Guide.idv[29] (MRiLab_User_Guide28x.png)
 [95]
l. 1436 Writing MRiLab_User_Guide.idv[30] (MRiLab_User_Guide29x.png)
l. 1445 Writing MRiLab_User_Guide.idv[31] (MRiLab_User_Guide30x.png)
l. 1445 Writing MRiLab_User_Guide.idv[32] (MRiLab_User_Guide31x.png)
l. 1449 Writing MRiLab_User_Guide.idv[33] (MRiLab_User_Guide32x.png)
 [96]
l. 1459 Writing MRiLab_User_Guide.idv[34] (MRiLab_User_Guide33x.png)
l. 1469 Writing MRiLab_User_Guide.idv[35] (MRiLab_User_Guide34x.png)
l. 1469 Writing MRiLab_User_Guide.idv[36] (MRiLab_User_Guide35x.png)

[97] [98] [99] [100] [101] [102] [103] [104] [105] [106

]
l. 1653 --- needs --- Pictures/SequenceDesignPanelIcon.png ---
 [107

] [108

] [109

]
l. 1662 --- needs --- Pictures/SequenceDesignGUI.png ---

[110

]
l. 1678 --- needs --- Pictures/SequenceStructure.png ---
 [111

]
l. 1705 --- needs --- Pictures/MacroOperationButton.png ---
l. 1720 --- needs --- Pictures/RFSource.png ---
 [112]
l. 1729 --- needs --- Pictures/SequenceDisplayButton.png ---
 [113]
l. 1753 --- needs --- Pictures/AllSequence.png ---
l. 1772 --- needs --- Pictures/MatlabSpiral.png ---
l. 1779 --- needs --- Pictures/VTK.png ---
 [114] [115] [116] [117] [118] [119

]
l. 1869 --- needs --- Pictures/GzSelective.png ---
 [120

] [121

]
[122

]
l. 1896 --- needs --- Pictures/GzSelective2.png ---
 [123

] [124

] [125

]
l. 1920 --- needs --- Pictures/GzTrapezoid.png ---
 [126

] [127

] [128

]
l. 1942 --- needs --- Pictures/GzAreaTrapezoid.png ---
 [129

] [130

] [131

]
l. 1962 --- needs --- Pictures/GzAreaTrapezoid2.png ---
 [132

] [133

]
[134

]
l. 1989 --- needs --- Pictures/GzCartesian.png ---
 [135

] [136

] [137] [138] [139] [140] [141

]
l. 2098 --- needs --- Pictures/GyRadial.png ---
 [142

] [143

] [144

]
l. 2118 --- needs --- Pictures/GySpiral.png ---
 [145

]
[146

] [147

]
l. 2143 --- needs --- Pictures/GyFSE.png ---
 [148

] [149

] [150

]
l. 2165 --- needs --- Pictures/GyEPI.png ---
 [151

] [152

] [153] [154] [155] [156

]
l. 2254 --- needs --- Pictures/GxCartesian.png ---
 [157

]
[158

] [159] [160] [161

]
l. 2307 --- needs --- Pictures/GxFSE.png ---
 [162

] [163

] [164

]
l. 2329 --- needs --- Pictures/GxEPI.png ---
 [165

] [166

] [167] [168

]
l. 2367 --- needs --- Pictures/ADCBlock.png ---
 [169

]
[170

] [171] [172] [173] [174

]
l. 2459 --- needs --- Pictures/ExtBit.png ---
 [175

] [176

] [177] [178] [179] [180] [181]
[182] [183] [184] [185] [186] [187] [188

]
l. 2703 --- needs --- Pictures/NewPSD.png ---
 [189

] [190

] [191] [192] [193]
[194] [195

]
l. 2794 --- needs --- Pictures/CoilDesignPanelIcon.png ---
 [196

] [197

] [198

]
l. 2803 --- needs --- Pictures/CoilDesignGUI.png ---
 [199

] [200

] [201] [202

]
l. 2851 --- needs --- Pictures/B1DisplayButton.png ---
 [203

] [204

] [205

]
l. 2867 --- needs --- Pictures/B1Field.png ---

[206

] [207

] [208] [209

]
l. 2915 --- needs --- Pictures/NewCoil.png ---
 [210

] [211

] [212

]
l. 2927 --- needs --- Pictures/MagnetDesignPanelIcon.png ---
 [213

] [214

] [215

]
l. 2936 --- needs --- Pictures/MagnetDesignGUI.png ---
 [216

] [217

]
[218] [219] [220] [221

]
l. 3042 --- needs --- Pictures/GradientDesignPanelIcon.png ---
 [222

] [223

] [224

]
l. 3051 --- needs --- Pictures/GradientDesignGUI.png ---
 [225

] [226

] [227] [228] [229]
[230] [231

]
l. 3153 --- needs --- Pictures/MotionDesignPanelIcon.png ---
 [232

] [233

] [234

]
l. 3162 --- needs --- Pictures/MotionDesignGUI.png ---
 [235

] [236

] [237] [238] [239] [240] [241]
[242] [243] [244

]
Chapter 6.
[245] [246

]
l. 3334 --- needs --- Pictures/MatrixUserPanelIcon.png ---
 [247

] [248

] [249

]
l. 3343 --- needs --- Pictures/MatrixUser.png ---
 [250

]
l. 3373 --- needs --- Pictures/LoadFromBinary.png ---
 [251

]
l. 3384 --- needs --- Pictures/LoadFromDICOM.png ---
 [252] [253

]
l. 3407 --- needs --- Pictures/MatrixUserDisplayPanel.png ---
 [254

]
l. 3420 --- needs --- Pictures/SaveFig.png ---
l. 3421 --- needs --- Pictures/ZoomIn.png ---
l. 3422 --- needs --- Pictures/ZoomOut.png ---
l. 3423 --- needs --- Pictures/Pan.png ---
l. 3424 --- needs --- Pictures/DataCursor.png ---
l. 3425 --- needs --- Pictures/Print.png ---
l. 3426 --- needs --- Pictures/Colorbar.png ---
 [255

]
l. 3449 --- needs --- Pictures/MatrixCalc.png ---
l. 3449 --- needs --- Pictures/Upload.png ---
l. 3460 --- needs --- Pictures/MatrixCalcExample.png ---
 [256]
[257]
l. 3498 --- needs --- Pictures/Release.png ---
l. 3499 --- needs --- Pictures/Grid.png ---
l. 3500 --- needs --- Pictures/Magnifier.png ---
l. 3501 --- needs --- Pictures/LineProfile.png ---
l. 3505 --- needs --- Pictures/BrainProfile.png ---
l. 3512 --- needs --- Pictures/DimProfile.png ---
l. 3516 --- needs --- Pictures/DimProfileWindow.png ---
l. 3521 --- needs --- Pictures/3DSlicer.png ---
l. 3524 --- needs --- Pictures/RedBar.png ---
l. 3525 --- needs --- Pictures/YellowBar.png ---
l. 3526 --- needs --- Pictures/Switch.png ---
l. 3526 --- needs --- Pictures/Upload.png ---
 [258]
l. 3531 --- needs --- Pictures/3DSlice.png ---
l. 3536 --- needs --- Pictures/RGBImage.png ---
l. 3537 --- needs --- Pictures/Montage.png ---
l. 3541 --- needs --- Pictures/MontageImage.png ---
l. 3546 --- needs --- Pictures/Fuse.png ---
l. 3546 --- needs --- Pictures/Release.png ---
l. 3550 --- needs --- Pictures/ImageFuse.png ---
l. 3562 --- needs --- Pictures/Abs.png ---
l. 3563 --- needs --- Pictures/Negnate.png ---
l. 3564 --- needs --- Pictures/Ln.png ---
 [259]
l. 3565 --- needs --- Pictures/Log.png ---
l. 3566 --- needs --- Pictures/Exp.png ---
l. 3567 --- needs --- Pictures/10n.png ---
l. 3568 --- needs --- Pictures/Sin.png ---
l. 3569 --- needs --- Pictures/Cos.png ---
l. 3570 --- needs --- Pictures/Tan.png ---
l. 3571 --- needs --- Pictures/ASin.png ---
l. 3572 --- needs --- Pictures/ACos.png ---
l. 3573 --- needs --- Pictures/ATan.png ---
l. 3582 --- needs --- Pictures/FlipLR.png ---
l. 3583 --- needs --- Pictures/FlipUD.png ---
l. 3584 --- needs --- Pictures/FlipZ.png ---
l. 3585 --- needs --- Pictures/Rot90L.png ---
l. 3586 --- needs --- Pictures/Rot90R.png ---
l. 3587 --- needs --- Pictures/Rotate.png ---
 [260]
l. 3588 --- needs --- Pictures/Translate.png ---
l. 3589 --- needs --- Pictures/FFT.png ---
l. 3597 --- needs --- Pictures/Mask.png ---
l. 3598 --- needs --- Pictures/Smooth.png ---
l. 3599 --- needs --- Pictures/Sharpen.png ---
l. 3600 --- needs --- Pictures/Edge.png ---
l. 3601 --- needs --- Pictures/Filter.png ---
l. 3605 --- needs --- Pictures/FilterResult.png ---
l. 3611 --- needs --- Pictures/Noise.png ---
l. 3615 --- needs --- Pictures/NoiseResult.png ---
l. 3621 --- needs --- Pictures/FillOut.png ---
l. 3622 --- needs --- Pictures/FillIn.png ---
l. 3623 --- needs --- Pictures/Fill.png ---
 [261]
l. 3624 --- needs --- Pictures/Replace.png ---
l. 3625 --- needs --- Pictures/Crop.png ---
l. 3626 --- needs --- Pictures/Extract.png ---
l. 3627 --- needs --- Pictures/Resolution.png ---
l. 3631 --- needs --- Pictures/ChangeResolution.png ---
l. 3644 --- needs --- Pictures/FreeROI.png ---
l. 3645 --- needs --- Pictures/RectangleROI.png ---
l. 3646 --- needs --- Pictures/CircleROI.png ---
l. 3647 --- needs --- Pictures/PolygonROI.png ---
l. 3648 --- needs --- Pictures/LineROI.png ---
 [262]
l. 3649 --- needs --- Pictures/AngleROI.png ---
l. 3650 --- needs --- Pictures/ROIManager.png ---
l. 3651 --- needs --- Pictures/Histogram.png ---
l. 3656 --- needs --- Pictures/ROIs.png ---
l. 3664 --- needs --- Pictures/Hist.png ---
l. 3674 --- needs --- Pictures/FreeSeg.png ---
l. 3675 --- needs --- Pictures/CircleSeg.png ---
l. 3676 --- needs --- Pictures/PolygonSeg.png ---
l. 3677 --- needs --- Pictures/EditSeg.png ---
l. 3678 --- needs --- Pictures/SaveSeg.png ---
l. 3679 --- needs --- Pictures/LoadSeg.png ---
 [263]
l. 3685 --- needs --- Pictures/Segs.png ---
l. 3690 --- needs --- Pictures/EditSeg.png ---
l. 3690 --- needs --- Pictures/SaveSeg.png ---
l. 3690 --- needs --- Pictures/Upload.png ---
l. 3690 --- needs --- Pictures/LoadSeg.png ---
l. 3690 --- needs --- Pictures/Release.png ---
l. 3697 --- needs --- Pictures/Contour.png ---
l. 3698 --- needs --- Pictures/Contour3.png ---
l. 3699 --- needs --- Pictures/ContourFill.png ---
l. 3700 --- needs --- Pictures/Surface.png ---
l. 3701 --- needs --- Pictures/SurfaceCon.png ---
l. 3702 --- needs --- Pictures/SurfaceCol.png ---
l. 3703 --- needs --- Pictures/Mesh.png ---
l. 3704 --- needs --- Pictures/MeshCon.png ---
l. 3705 --- needs --- Pictures/MeshC.png ---
l. 3706 --- needs --- Pictures/Reb.png ---
 [264]
l. 3707 --- needs --- Pictures/Waterfall.png ---
l. 3708 --- needs --- Pictures/Pcolor.png ---
l. 3717 --- needs --- Pictures/imtool.png ---
l. 3718 --- needs --- Pictures/immovie.png ---
l. 3719 --- needs --- Pictures/imcontrast.png ---
l. 3724 --- needs --- Pictures/matlabIM.png ---
l. 3734 --- needs --- Pictures/3DRender.png ---
l. 3738 --- needs --- Pictures/BrainRender.png ---
l. 3743 --- needs --- Pictures/MIP.png ---
 [265]
l. 3744 --- needs --- Pictures/MIP3D.png ---
l. 3749 --- needs --- Pictures/3DMIP.png ---
l. 3754 --- needs --- Pictures/3DReslice.png ---
l. 3755 --- needs --- Pictures/Moive.png ---
l. 3760 --- needs --- Pictures/Reslice.png ---
 [266] [267] [268

]
l. 3779 --- needs --- Pictures/SpinWatcherPanelIcon.png ---

[269

] [270

] [271

]
l. 3787 --- needs --- Pictures/SpinWatcher.png ---
 [272

]
l. 3796 --- needs --- Pictures/Cursor.png ---
 [273

] [274] [275] [276

]
Chapter 7.
[277] [278

]
l. 3890 --- needs --- Pictures/bSSFP.png ---
 [279

] [280

] [281

]
l. 3909 --- needs --- Pictures/FatWater.png ---
 [282

] [283

] [284

]
l. 3929 --- needs --- Pictures/MultiTransmit.png ---
 [285

] [286

] [287

]
l. 3948 --- needs --- Pictures/MultiReceive.png ---
 [288

]
[289

] [290

]
l. 3968 --- needs --- Pictures/ImageGrad.png ---
 [291

] [292

] [293

]
l. 3987 --- needs --- Pictures/MotionBrain.png ---
 [294

] [295

] [296

]
Chapter 8.
[297] [298

] [299] [300] [301

] [302

] [303] [304

] [305] [306

]
(C:\Users\fliu\Desktop\MRiLab_User_Guide_v1_1\MRiLab_User_Guide.aux) ) 
Here is how much of TeX's memory you used:
 7800 strings out of 493922
 103472 string characters out of 3147308
 269286 words of memory out of 3000000
 10756 multiletter control sequences out of 15000+200000
 13223 words of font info for 51 fonts, out of 3000000 for 9000
 841 hyphenation exceptions out of 8191
 48i,11n,36p,2423b,815s stack positions out of 5000i,500n,10000p,200000b,50000s

Output written on MRiLab_User_Guide.dvi (317 pages, 587852 bytes).
